2026-05-10 09:32:44,293 [INFO] 
############################################################
2026-05-10 09:32:44,293 [INFO] # ЗАПУСК: CDATA
2026-05-10 09:32:44,294 [INFO] ############################################################
2026-05-10 09:32:44,295 [INFO] [CDATA] Started. 140735 chars, 1644 lines
2026-05-10 09:32:44,295 [INFO] 
==================================================
2026-05-10 09:32:44,295 [INFO] [CDATA] ФАЗА 1 — ЧЕМПИОНАТ (6 циклов)
2026-05-10 09:32:44,295 [INFO] ==================================================
2026-05-10 09:32:44,295 [INFO] 
[CDATA] Чемпионат 1/6 — агент reasoner
2026-05-10 09:32:44,295 [INFO] [CDATA] TBPR champ_1_reasoner...
2026-05-10 09:34:10,384 [INFO]   Scores: R1=42; R2=34; R3=38 → 34/55 (61.8%) — UNKNOWN
2026-05-10 09:34:10,385 [INFO] [CDATA] Fix champ_1_reasoner с агентом reasoner...
2026-05-10 09:35:16,785 [INFO]   🆕 Лучший результат! Чемпион: reasoner ⭐
2026-05-10 09:35:16,786 [INFO] 
[CDATA] Чемпионат 2/6 — агент chat
2026-05-10 09:35:16,786 [INFO] [CDATA] TBPR champ_2_chat...
2026-05-10 09:36:10,054 [INFO]   Scores: R1=38; R2=29; R3=33 → 29/55 (52.7%) — UNKNOWN
2026-05-10 09:36:10,054 [INFO] [CDATA] Fix champ_2_chat с агентом chat...
2026-05-10 09:37:18,231 [INFO]   ⬇ Score 29 < best 34. Откат к champ_1_reasoner
2026-05-10 09:37:18,231 [INFO] 
[CDATA] Чемпионат 3/6 — агент reasoner
2026-05-10 09:37:18,231 [INFO] [CDATA] TBPR champ_3_reasoner...
2026-05-10 09:38:16,343 [INFO]   Scores: R1=32; R2=28; R3=39 → 28/55 (50.9%) — UNKNOWN
2026-05-10 09:38:16,344 [INFO] [CDATA] Fix champ_3_reasoner с агентом reasoner...
2026-05-10 09:39:17,099 [INFO]   ⬇ Score 28 < best 34. Откат к champ_1_reasoner
2026-05-10 09:39:17,099 [INFO] 
[CDATA] Чемпионат 4/6 — агент chat
2026-05-10 09:39:17,099 [INFO] [CDATA] TBPR champ_4_chat...
2026-05-10 09:40:09,912 [INFO]   Scores: R1=45; R2=38; R3=41 → 38/55 (69.1%) — UNKNOWN
2026-05-10 09:40:09,912 [INFO] [CDATA] Fix champ_4_chat с агентом chat...
2026-05-10 09:41:18,252 [INFO]   🆕 Лучший результат! Чемпион: chat ⭐
2026-05-10 09:41:18,253 [INFO] 
[CDATA] Чемпионат 5/6 — агент reasoner
2026-05-10 09:41:18,253 [INFO] [CDATA] TBPR champ_5_reasoner...
2026-05-10 09:41:53,037 [INFO]   Scores: R1=36; R2=45; R3=51 → 36/55 (65.5%) — UNKNOWN
2026-05-10 09:41:53,037 [INFO] [CDATA] Fix champ_5_reasoner с агентом reasoner...
