2026-05-10 08:22:02,686 [INFO] 
############################################################
2026-05-10 08:22:02,687 [INFO] # ЗАПУСК: MCOA
2026-05-10 08:22:02,687 [INFO] ############################################################
2026-05-10 08:22:02,687 [INFO] [MCOA] Started. CONCEPT.md: 16584 chars, 258 lines
2026-05-10 08:22:02,687 [INFO] 
[MCOA] ==================================================
2026-05-10 08:22:02,687 [INFO] [MCOA] CYCLE 1/9
2026-05-10 08:22:02,687 [INFO] [MCOA] ==================================================
2026-05-10 08:22:02,687 [INFO] [MCOA] === TBPR-project Cycle v1 ===
2026-05-10 08:23:12,977 [INFO]   → TBPR Review: /home/oem/Desktop/LongevityCommon/AIM/tbpr_project_output/MCOA/tbpr_cycle_01_review.md
2026-05-10 08:23:12,988 [INFO] [MCOA]  Scores: R1=42/55; R2=40/55; R3=34/55
2026-05-10 08:23:12,989 [INFO] [MCOA]  → Combined: 34/55 (61.8%) — UNKNOWN ⭐
2026-05-10 08:23:12,989 [INFO] [MCOA]  🆕 Лучший результат!
2026-05-10 08:23:12,989 [INFO] [MCOA]  Исправляю...
2026-05-10 08:23:12,989 [INFO] [MCOA] Fixing document based on TBPR review...
2026-05-10 08:24:46,509 [INFO]   → Fixed CONCEPT: /home/oem/Desktop/LongevityCommon/AIM/tbpr_project_output/MCOA/CONCEPT_v1_fixed.md
2026-05-10 08:24:46,509 [INFO] 
[MCOA] ==================================================
2026-05-10 08:24:46,509 [INFO] [MCOA] CYCLE 2/9
2026-05-10 08:24:46,509 [INFO] [MCOA] ==================================================
2026-05-10 08:24:46,509 [INFO] [MCOA]  ⬅ Откат к лучшей версии (v1: 34/55)
2026-05-10 08:24:46,509 [INFO] [MCOA] === TBPR-project Cycle v2 ===
