2026-05-10 10:23:37,945 [INFO] 
############################################################
2026-05-10 10:23:37,945 [INFO] # СТАРТ: E0 (уровни 1-3)
2026-05-10 10:23:37,945 [INFO] ############################################################
2026-05-10 10:23:37,945 [INFO] 
############################################################
2026-05-10 10:23:37,945 [INFO] # E0 — УРОВЕНЬ 1: CONCEPT
2026-05-10 10:23:37,945 [INFO] ############################################################
2026-05-10 10:23:37,945 [INFO] [E0] CONCEPT.md: 2721 chars
2026-05-10 10:23:37,945 [INFO] 
==================================================
2026-05-10 10:23:37,945 [INFO] [E0] concept — 9 агентов, по 1 попытке
2026-05-10 10:23:37,945 [INFO] ==================================================
2026-05-10 10:23:37,945 [INFO] 
[E0] concept поп.1/9 — flash-nothink
2026-05-10 10:23:37,945 [INFO] [E0] TBPR concept_a1_flash-nothink...
2026-05-10 10:24:30,968 [INFO]   → 44/55 (80.0%) — Address the hardware stabilisation, provide a phased timeline, and include a data management plan. The concept is otherwise sound.

---

## Combined Decision

| Reviewer | Sum (out of 55) |
|----------|----------------|
| A | 44 |
| B | 44 |
| C | 45 |
2026-05-10 10:24:30,968 [INFO]   🆕 Лучший: flash-nothink ⭐
2026-05-10 10:24:30,968 [INFO] [E0] Fix concept_a1_flash-nothink [concept] агент flash-nothink...
